<?xml version="1.0" encoding="UTF-8"?>
<!-- Generated by org.testng.reporters.JUnitReportReporter -->
<testsuite hostname="Dell" failures="0" tests="1" name="com.menuLinks.testCases.TC_03" time="84.284" errors="0" timestamp="2021-05-19T11:38:38 PKT" skipped="0">
  <testcase classname="com.menuLinks.testCases.TC_03" name="TC3" time="84.284"/>
  <system-out/>
</testsuite> <!-- com.menuLinks.testCases.TC_03 -->
