<?xml version="1.0" encoding="UTF-8"?>
<!-- Generated by org.testng.reporters.JUnitReportReporter -->
<testsuite hostname="Dell" failures="0" tests="1" name="com.menuLinks.testCases.TC_02" time="85.665" errors="0" timestamp="2021-05-19T10:21:12 PKT" skipped="0">
  <testcase classname="com.menuLinks.testCases.TC_02" name="main" time="85.665"/>
  <system-out/>
</testsuite> <!-- com.menuLinks.testCases.TC_02 -->
