<?xml version="1.0" encoding="UTF-8"?>
<!-- Generated by org.testng.reporters.JUnitReportReporter -->
<testsuite hostname="Dell" failures="0" tests="1" name="com.menuLinks.testCases.TC_01" time="12.501" errors="0" timestamp="2021-05-19T10:21:12 PKT" skipped="0">
  <testcase classname="com.menuLinks.testCases.TC_01" name="menuLinks" time="12.501"/>
  <system-out/>
</testsuite> <!-- com.menuLinks.testCases.TC_01 -->
